<?xml version="1.0" encoding="UTF-8"?>
<!-- Generated by org.testng.reporters.JUnitReportReporter -->
<testsuite hostname="LAPTOP-57SP3Q9P" failures="0" tests="1" name="restAPI.EndtoEndTest" time="3.188" errors="0" timestamp="30 Oct 2023 06:19:53 GMT" skipped="0">
  <testcase classname="restAPI.EndtoEndTest" name="runtestCases" time="3.188"/>
</testsuite> <!-- restAPI.EndtoEndTest -->
